2026-01-16 09:34:53,699 - __main__ - INFO - Starting IoT Anomaly Detection System
2026-01-16 09:34:53,699 - __main__ - INFO - Mode: train
2026-01-16 09:34:53,700 - __main__ - INFO - Port: 5001
2026-01-16 09:34:55,718 - __main__ - INFO - Training model with data from data/normal_traffic_data.csv
2026-01-16 09:34:55,886 - src.csv_data_processor - INFO - Loaded 10000 rows from data/normal_traffic_data.csv
2026-01-16 09:34:55,889 - src.csv_data_processor - WARNING - Column 'len' not found. Creating synthetic data for 'packet_size'.
2026-01-16 09:34:55,891 - src.csv_data_processor - WARNING - Column 'proto' not found. Creating synthetic data for 'protocol'.
2026-01-16 09:34:55,892 - src.csv_data_processor - WARNING - Column 'sport' not found. Creating synthetic data for 'source_port'.
2026-01-16 09:34:55,892 - src.csv_data_processor - WARNING - Column 'dport' not found. Creating synthetic data for 'destination_port'.
2026-01-16 09:34:55,892 - src.csv_data_processor - WARNING - Column 'src_ip_entropy' not found. Creating synthetic data for 'source_ip_entropy'.
2026-01-16 09:34:55,893 - src.csv_data_processor - WARNING - Column 'dst_ip_entropy' not found. Creating synthetic data for 'destination_ip_entropy'.
2026-01-16 09:34:55,893 - src.csv_data_processor - WARNING - Column 'time_delta' not found. Creating synthetic data for 'time_interval'.
2026-01-16 09:34:55,894 - src.csv_data_processor - WARNING - Column 'payload_entropy' not found. Creating synthetic data for 'payload_entropy'.
2026-01-16 09:34:55,900 - src.csv_data_processor - INFO - Extracted 10 features from the dataset
2026-01-16 09:34:55,925 - src.csv_data_processor - INFO - Created 9940 sequences of length 60
2026-01-16 09:34:55,925 - src.model_trainer - INFO - Mock training completed
2026-01-16 09:34:55,925 - src.model_trainer - INFO - Mock model saved to models/iot_anomaly_model.h5
2026-01-16 09:34:55,925 - src.model_trainer - INFO - Training history saved to training_history.pkl
2026-01-16 09:34:55,926 - __main__ - INFO - Model training completed. Saved to models/iot_anomaly_model.h5
2026-01-16 09:34:55,929 - src.model_quantizer - INFO - Mock model quantized successfully using int8 optimization
2026-01-16 09:34:55,929 - src.model_quantizer - INFO - Quantized model saved to models/quantized_iot_anomaly_model.tflite
2026-01-16 09:34:55,929 - __main__ - INFO - Model quantized for Raspberry Pi. Saved to models/quantized_iot_anomaly_model.tflite
2026-01-16 09:35:17,985 - __main__ - INFO - Starting IoT Anomaly Detection System
2026-01-16 09:35:17,985 - __main__ - INFO - Mode: test
2026-01-16 09:35:17,985 - __main__ - INFO - Port: 5001
2026-01-16 09:35:17,985 - __main__ - INFO - Running system tests...
2026-01-16 09:35:18,992 - __main__ - INFO - ✓ Packet analyzer initialized successfully
2026-01-16 09:35:18,993 - __main__ - INFO - ✓ Basic system components are working correctly
2026-01-16 09:35:28,981 - __main__ - INFO - Starting IoT Anomaly Detection System
2026-01-16 09:35:28,981 - __main__ - INFO - Mode: optimize
2026-01-16 09:35:28,981 - __main__ - INFO - Port: 5001
2026-01-16 09:35:28,981 - __main__ - INFO - Running Raspberry Pi optimizations...
2026-01-16 09:37:03,032 - __main__ - INFO - Starting IoT Anomaly Detection System
2026-01-16 09:37:03,032 - __main__ - INFO - Mode: optimize
2026-01-16 09:37:03,032 - __main__ - INFO - Port: 5001
2026-01-16 09:37:03,032 - __main__ - INFO - Running Raspberry Pi optimizations...
2026-01-16 09:37:43,507 - __main__ - INFO - Starting IoT Anomaly Detection System
2026-01-16 09:37:43,508 - __main__ - INFO - Mode: optimize
2026-01-16 09:37:43,508 - __main__ - INFO - Port: 5001
2026-01-16 09:37:43,508 - __main__ - INFO - Running Raspberry Pi optimizations...
2026-01-16 09:38:11,597 - __main__ - INFO - Starting IoT Anomaly Detection System
2026-01-16 09:38:11,597 - __main__ - INFO - Mode: optimize
2026-01-16 09:38:11,597 - __main__ - INFO - Port: 5001
2026-01-16 09:38:11,597 - __main__ - INFO - Running Raspberry Pi optimizations...
2026-01-16 09:38:24,648 - __main__ - INFO - Starting IoT Anomaly Detection System
2026-01-16 09:38:24,648 - __main__ - INFO - Mode: optimize
2026-01-16 09:38:24,648 - __main__ - INFO - Port: 5001
2026-01-16 09:38:24,648 - __main__ - INFO - Running Raspberry Pi optimizations...
2026-01-16 09:54:22,502 - __main__ - INFO - Starting IoT Anomaly Detection System
2026-01-16 09:54:22,502 - __main__ - INFO - Mode: test
2026-01-16 09:54:22,502 - __main__ - INFO - Port: 5001
2026-01-16 09:54:22,502 - __main__ - INFO - Running system tests...
2026-01-16 09:54:23,128 - __main__ - INFO - ✓ Packet analyzer initialized successfully
2026-01-16 09:54:23,128 - __main__ - INFO - ✓ Basic system components are working correctly
2026-01-16 09:55:12,765 - __main__ - INFO - Starting IoT Anomaly Detection System
2026-01-16 09:55:12,765 - __main__ - INFO - Mode: web
2026-01-16 09:55:12,766 - __main__ - INFO - Port: 5050
